c:\users\user\source\repos\consoleapplication2\consoleapplication2\debug\consoleapplication2.pch
c:\users\user\source\repos\consoleapplication2\consoleapplication2\debug\vc141.pdb
c:\users\user\source\repos\consoleapplication2\consoleapplication2\debug\vc141.idb
c:\users\user\source\repos\consoleapplication2\consoleapplication2\debug\pch.obj
c:\users\user\source\repos\consoleapplication2\consoleapplication2\debug\linkedstack.obj
c:\users\user\source\repos\consoleapplication2\consoleapplication2\debug\consoleapplication2.obj
c:\users\user\source\repos\consoleapplication2\consoleapplication2\debug\calculator.obj
c:\users\user\source\repos\consoleapplication2\debug\consoleapplication2.exe
c:\users\user\source\repos\consoleapplication2\debug\consoleapplication2.ilk
c:\users\user\source\repos\consoleapplication2\debug\consoleapplication2.pdb
c:\users\user\source\repos\consoleapplication2\consoleapplication2\debug\nativecodeanalysis.read.1.tlog
c:\users\user\source\repos\consoleapplication2\consoleapplication2\debug\calculator.nativecodeanalysis.xml
c:\users\user\source\repos\consoleapplication2\consoleapplication2\debug\consoleapplication2.nativecodeanalysis.xml
c:\users\user\source\repos\consoleapplication2\consoleapplication2\debug\linkedstack.nativecodeanalysis.xml
c:\users\user\source\repos\consoleapplication2\consoleapplication2\debug\pch.nativecodeanalysis.xml
c:\users\user\source\repos\consoleapplication2\consoleapplication2\debug\vc.nativecodeanalysis.all.xml
c:\users\user\source\repos\consoleapplication2\debug\consoleapplication2.exe.lastcodeanalysissucceeded
c:\users\user\source\repos\consoleapplication2\consoleapplication2\debug\consolea.8aee3ac3.tlog\cl.command.1.tlog
c:\users\user\source\repos\consoleapplication2\consoleapplication2\debug\consolea.8aee3ac3.tlog\cl.read.1.tlog
c:\users\user\source\repos\consoleapplication2\consoleapplication2\debug\consolea.8aee3ac3.tlog\cl.write.1.tlog
c:\users\user\source\repos\consoleapplication2\consoleapplication2\debug\consolea.8aee3ac3.tlog\link.command.1.tlog
c:\users\user\source\repos\consoleapplication2\consoleapplication2\debug\consolea.8aee3ac3.tlog\link.read.1.tlog
c:\users\user\source\repos\consoleapplication2\consoleapplication2\debug\consolea.8aee3ac3.tlog\link.write.1.tlog
